================================================================================
Appcelerator Titanium Diagnostics Build Log
The contents of this file are useful to send to Appcelerator Support if
reporting an issue to help us understand your environment, build settings
and aid in debugging. Please attach this log to any issue that you report.
================================================================================

Starting build at 12/03/11 13:52

Build details:

   timestamp=10/27/11 15:26
   version=1.8.0
   githash=b204274...


Script arguments:
   /Users/aki-nomura/Library/Application Support/Titanium/mobilesdk/osx/1.8.0.v20111027152620/iphone/builder.py
   simulator
   5.0
   /Users/aki-nomura/Documents/Titanium Studio Workspace/app sample
   jp.example.appname
   app sample
   iphone
   iphone
   

Building from: /Users/aki-nomura/Library/Application Support/Titanium/mobilesdk/osx/1.8.0.v20111027152620/iphone
Platform: Darwin Kernel Version 11.2.0: Tue Aug  9 20:54:00 PDT 2011; root:xnu-1699.24.8~1/RELEASE_X86_64

Xcode path is: /Developer


githash=b204274..., existing_git_hash=b204274...
writing contents of /Users/aki-nomura/Documents/Titanium Studio Workspace/app sample/build/iphone/project.xcconfig:

TI_VERSION=1.8.0.v20111027152620
TI_SDK_DIR=/Users/aki-nomura/Library/Application Support/Titanium/mobilesdk/osx/$(TI_VERSION)/iphone
TI_APPID=jp.example.appname
OTHER_LDFLAGS[sdk=iphoneos*]=$(inherited) -weak_framework iAd
OTHER_LDFLAGS[sdk=iphonesimulator*]=$(inherited) -weak_framework iAd
#include "module"

old contents


Generated the following stylecode code:

<?xml version="1.0" encoding="UTF-8"?>
<!DOCTYPE plist PUBLIC "-//Apple//DTD PLIST 1.0//EN" "http://www.apple.com/DTDs/PropertyList-1.0.dtd">
<plist version="1.0">
	<dict>
		<key>classes</key>
		<dict>
</dict>

		<key>classes_density</key>
		<dict>
</dict>

		<key>ids</key>
		<dict>
</dict>

		<key>ids_density</key>
		<dict>
</dict>

		<key>tags</key>
		<dict>
</dict>

		<key>tags_density</key>
		<dict>
</dict>

	</dict>
</plist>
Finishing build
